cl : línea de comandos  warning D9002: se omite la opción desconocida '/arch:SSE2'
  Config.cpp
  imgui.cpp
  imgui_demo.cpp
  imgui_draw.cpp
  imgui_impl_dx11.cpp
  imgui_impl_dx9.cpp
  imgui_impl_win32.cpp
  imgui_tables.cpp
  imgui_widgets.cpp
  Memory.cpp
C:\Users\mario\Desktop\R3nzSkin-main\R3nzSkin\Memory.cpp(63,78): warning C4244: '+=': conversión de 'uintptr_t' a 'unsigned long'; posible pérdida de datos
C:\Users\mario\Desktop\R3nzSkin-main\R3nzSkin\Memory.cpp(143,20): warning C4311: 'reinterpret_cast': truncamiento de puntero de 'uint8_t *' a 'uint32_t'
C:\Users\mario\Desktop\R3nzSkin-main\R3nzSkin\Memory.cpp(143,20): warning C4302: 'reinterpret_cast': truncamiento de 'uint8_t *' a 'uint32_t'
  Hooks.cpp
C:\Users\mario\Desktop\R3nzSkin-main\R3nzSkin\Hooks.cpp(30,23): warning C4018: '<': no coinciden signed/unsigned
C:\Users\mario\Desktop\R3nzSkin-main\R3nzSkin\Hooks.cpp(370,24): warning C4018: '<': no coinciden signed/unsigned
C:\Users\mario\Desktop\R3nzSkin-main\R3nzSkin\Hooks.cpp(392,23): warning C4018: '<': no coinciden signed/unsigned
C:\Users\mario\Desktop\R3nzSkin-main\R3nzSkin\Hooks.cpp(405,23): warning C4018: '<': no coinciden signed/unsigned
C:\Users\mario\Desktop\R3nzSkin-main\R3nzSkin\Hooks.cpp(461,89): warning C4244: 'argumento': conversión de 'LONG_PTR' a 'LONG'; posible pérdida de datos
  R3nzSkin.cpp
  GUI.cpp
C:\Users\mario\Desktop\R3nzSkin-main\R3nzSkin\GUI.cpp(34,23): warning C4018: '<': no coinciden signed/unsigned
C:\Users\mario\Desktop\R3nzSkin-main\R3nzSkin\GUI.cpp(91,150): warning C4267: 'argumento': conversión de 'size_t' a 'int'; posible pérdida de datos
C:\Users\mario\Desktop\R3nzSkin-main\R3nzSkin\GUI.cpp(106,113): warning C4267: 'argumento': conversión de 'size_t' a 'int'; posible pérdida de datos
C:\Users\mario\Desktop\R3nzSkin-main\R3nzSkin\GUI.cpp(113,216): warning C4267: 'argumento': conversión de 'size_t' a 'int'; posible pérdida de datos
C:\Users\mario\Desktop\R3nzSkin-main\R3nzSkin\GUI.cpp(123,26): warning C4018: '<': no coinciden signed/unsigned
C:\Users\mario\Desktop\R3nzSkin-main\R3nzSkin\GUI.cpp(152,112): warning C4267: 'argumento': conversión de 'size_t' a 'int'; posible pérdida de datos
C:\Users\mario\Desktop\R3nzSkin-main\R3nzSkin\GUI.cpp(162,215): warning C4267: 'argumento': conversión de 'size_t' a 'int'; posible pérdida de datos
C:\Users\mario\Desktop\R3nzSkin-main\R3nzSkin\GUI.cpp(165,225): warning C4267: 'argumento': conversión de 'size_t' a 'int'; posible pérdida de datos
C:\Users\mario\Desktop\R3nzSkin-main\R3nzSkin\GUI.cpp(167,225): warning C4267: 'argumento': conversión de 'size_t' a 'int'; posible pérdida de datos
C:\Users\mario\Desktop\R3nzSkin-main\R3nzSkin\GUI.cpp(174,99): warning C4267: 'argumento': conversión de 'size_t' a 'int'; posible pérdida de datos
C:\Users\mario\Desktop\R3nzSkin-main\R3nzSkin\GUI.cpp(211,27): warning C4018: '<': no coinciden signed/unsigned
C:\Users\mario\Desktop\R3nzSkin-main\R3nzSkin\GUI.cpp(218,27): warning C4018: '<': no coinciden signed/unsigned
C:\Users\mario\Desktop\R3nzSkin-main\R3nzSkin\GUI.cpp(230,62): warning C4244: '=': conversión de 'T' a 'int32_t'; posible pérdida de datos
          with
          [
              T=unsigned __int64
          ]
C:\Users\mario\Desktop\R3nzSkin-main\R3nzSkin\GUI.cpp(234,21): warning C4244: '=': conversión de 'T' a 'int'; posible pérdida de datos
          with
          [
              T=unsigned __int64
          ]
  AIBaseCommon.cpp
  AIMinionClient.cpp
  CharacterDataStack.cpp
  SkinDatabase.cpp
  Utils.cpp
  Generando código
  Previous IPDB not found, fall back to full compilation.
  All 4282 functions were compiled because no usable IPDB/IOBJ from previous compilation was found.
  Generación de código finalizada
  R3nzSkin.vcxproj -> C:\Users\mario\Desktop\R3nzSkin-main\Release\ChinaServer\R3nzSkin.dll
